<?xml version="1.0" encoding="UTF-8"?>
<testng-results skipped="0" failed="0" ignored="0" total="1" passed="1">
  <reporter-output>
  </reporter-output>
  <suite name="Default suite" duration-ms="1791" started-at="2020-07-05T13:37:17 IST" finished-at="2020-07-05T13:37:19 IST">
    <groups>
    </groups>
    <test name="Default test" duration-ms="1791" started-at="2020-07-05T13:37:17 IST" finished-at="2020-07-05T13:37:19 IST">
      <class name="serialization.add.place.AddPlace">
        <test-method status="PASS" signature="addPlace()[pri:0, instance:serialization.add.place.AddPlace@2353b3e6]" name="addPlace" duration-ms="1750" started-at="2020-07-05T13:37:17 IST" finished-at="2020-07-05T13:37:19 IST">
          <reporter-output>
          </reporter-output>
        </test-method> <!-- addPlace -->
      </class> <!-- serialization.add.place.AddPlace -->
    </test> <!-- Default test -->
  </suite> <!-- Default suite -->
</testng-results>
